2025-01-25T16:25:33.432+01:00  INFO 10924 --- [ProjectToDoList] [main] a.P.ProjectToDoListApplication           : Starting ProjectToDoListApplication using Java 22.0.2 with PID 10924 (C:\Users\arie_\repos\ProjectToDoList\Backend\ProjectToDoList\build\classes\java\main started by arie_ in C:\Users\arie_\repos\ProjectToDoList\Backend\ProjectToDoList)
2025-01-25T16:25:33.435+01:00 DEBUG 10924 --- [ProjectToDoList] [main] a.P.ProjectToDoListApplication           : Running with Spring Boot v3.4.1, Spring v6.2.1
2025-01-25T16:25:33.436+01:00  INFO 10924 --- [ProjectToDoList] [main] a.P.ProjectToDoListApplication           : No active profile set, falling back to 1 default profile: "default"
2025-01-25T16:25:34.785+01:00  INFO 10924 --- [ProjectToDoList] [main] .s.d.r.c.RepositoryConfigurationDelegate : Bootstrapping Spring Data JPA repositories in DEFAULT mode.
2025-01-25T16:25:34.936+01:00  INFO 10924 --- [ProjectToDoList] [main] .s.d.r.c.RepositoryConfigurationDelegate : Finished Spring Data repository scanning in 128 ms. Found 1 JPA repository interface.
2025-01-25T16:25:36.565+01:00  INFO 10924 --- [ProjectToDoList] [main] o.s.b.w.embedded.tomcat.TomcatWebServer  : Tomcat initialized with port 8080 (http)
2025-01-25T16:25:36.598+01:00  INFO 10924 --- [ProjectToDoList] [main] o.apache.catalina.core.StandardService   : Starting service [Tomcat]
2025-01-25T16:25:36.599+01:00  INFO 10924 --- [ProjectToDoList] [main] o.apache.catalina.core.StandardEngine    : Starting Servlet engine: [Apache Tomcat/10.1.34]
2025-01-25T16:25:36.749+01:00  INFO 10924 --- [ProjectToDoList] [main] o.a.c.c.C.[Tomcat].[localhost].[/]       : Initializing Spring embedded WebApplicationContext
2025-01-25T16:25:36.750+01:00  INFO 10924 --- [ProjectToDoList] [main] w.s.c.ServletWebServerApplicationContext : Root WebApplicationContext: initialization completed in 3195 ms
2025-01-25T16:25:36.958+01:00  INFO 10924 --- [ProjectToDoList] [main] com.zaxxer.hikari.HikariDataSource       : HikariPool-1 - Starting...
2025-01-25T16:25:37.178+01:00  INFO 10924 --- [ProjectToDoList] [main] com.zaxxer.hikari.pool.HikariPool        : HikariPool-1 - Added connection org.sqlite.jdbc4.JDBC4Connection@5a917723
2025-01-25T16:25:37.181+01:00  INFO 10924 --- [ProjectToDoList] [main] com.zaxxer.hikari.HikariDataSource       : HikariPool-1 - Start completed.
2025-01-25T16:25:37.267+01:00  INFO 10924 --- [ProjectToDoList] [main] o.hibernate.jpa.internal.util.LogHelper  : HHH000204: Processing PersistenceUnitInfo [name: default]
2025-01-25T16:25:37.379+01:00  INFO 10924 --- [ProjectToDoList] [main] org.hibernate.Version                    : HHH000412: Hibernate ORM core version 6.6.4.Final
2025-01-25T16:25:37.444+01:00  INFO 10924 --- [ProjectToDoList] [main] o.h.c.internal.RegionFactoryInitiator    : HHH000026: Second-level cache disabled
2025-01-25T16:25:37.908+01:00  INFO 10924 --- [ProjectToDoList] [main] o.s.o.j.p.SpringPersistenceUnitInfo      : No LoadTimeWeaver setup: ignoring JPA class transformer
2025-01-25T16:25:38.093+01:00  INFO 10924 --- [ProjectToDoList] [main] org.hibernate.orm.connections.pooling    : HHH10001005: Database info:
	Database JDBC URL [Connecting through datasource 'HikariDataSource (HikariPool-1)']
	Database driver: undefined/unknown
	Database version: 3.45.1
	Autocommit mode: undefined/unknown
	Isolation level: undefined/unknown
	Minimum pool size: undefined/unknown
	Maximum pool size: undefined/unknown
2025-01-25T16:25:39.653+01:00  INFO 10924 --- [ProjectToDoList] [main] o.h.e.t.j.p.i.JtaPlatformInitiator       : HHH000489: No JTA platform available (set 'hibernate.transaction.jta.platform' to enable JTA platform integration)
2025-01-25T16:25:39.658+01:00  INFO 10924 --- [ProjectToDoList] [main] j.LocalContainerEntityManagerFactoryBean : Initialized JPA EntityManagerFactory for persistence unit 'default'
2025-01-25T16:25:40.052+01:00  WARN 10924 --- [ProjectToDoList] [main] JpaBaseConfiguration$JpaWebConfiguration : spring.jpa.open-in-view is enabled by default. Therefore, database queries may be performed during view rendering. Explicitly configure spring.jpa.open-in-view to disable this warning
2025-01-25T16:25:40.649+01:00  INFO 10924 --- [ProjectToDoList] [main] o.s.b.w.embedded.tomcat.TomcatWebServer  : Tomcat started on port 8080 (http) with context path '/'
2025-01-25T16:25:40.678+01:00  INFO 10924 --- [ProjectToDoList] [main] a.P.ProjectToDoListApplication           : Started ProjectToDoListApplication in 8.259 seconds (process running for 8.979)
2025-01-25T16:29:13.372+01:00  INFO 10924 --- [ProjectToDoList] [http-nio-8080-exec-1] o.a.c.c.C.[Tomcat].[localhost].[/]       : Initializing Spring DispatcherServlet 'dispatcherServlet'
2025-01-25T16:29:13.373+01:00  INFO 10924 --- [ProjectToDoList] [http-nio-8080-exec-1] o.s.web.servlet.DispatcherServlet        : Initializing Servlet 'dispatcherServlet'
2025-01-25T16:29:13.376+01:00  INFO 10924 --- [ProjectToDoList] [http-nio-8080-exec-1] o.s.web.servlet.DispatcherServlet        : Completed initialization in 3 ms
2025-01-25T16:29:13.424+01:00 DEBUG 10924 --- [ProjectToDoList] [http-nio-8080-exec-1] a.P.controller.TaskController            : REST request to get all tasks
2025-01-25T16:29:13.424+01:00  INFO 10924 --- [ProjectToDoList] [http-nio-8080-exec-1] a.ProjectToDoList.service.TaskService    : Fetching all tasks
